<?xml version="1.0" encoding="UTF-8"?>
<!-- Generated by org.testng.reporters.JUnitReportReporter -->
<testsuite hostname="DESKTOP-FCFEV9J" failures="0" tests="8" name="api.test.JobifyTests" time="8.236" errors="0" timestamp="2024-02-09T14:58:07 IST" skipped="0">
  <testcase classname="api.test.JobifyTests" name="testRegisterUser" time="3.011"/>
  <system-out/>
  <testcase classname="api.test.JobifyTests" name="testLoginUser" time="1.570"/>
  <system-out/>
  <testcase classname="api.test.JobifyTests" name="testCreateJob" time="0.571"/>
  <system-out/>
  <testcase classname="api.test.JobifyTests" name="testGetSingleJob" time="0.682"/>
  <system-out/>
  <testcase classname="api.test.JobifyTests" name="testGetAllJobs" time="0.706"/>
  <system-out/>
  <testcase classname="api.test.JobifyTests" name="testUpdateJob" time="0.508"/>
  <system-out/>
  <testcase classname="api.test.JobifyTests" name="testDeleteJob" time="0.539"/>
  <system-out/>
  <testcase classname="api.test.JobifyTests" name="testDeleteUser" time="0.649"/>
  <system-out/>
</testsuite> <!-- api.test.JobifyTests -->
