<?xml version="1.0" encoding="UTF-8"?>
<!-- Generated by org.testng.reporters.JUnitReportReporter -->
<testsuite hostname="DESKTOP-FCFEV9J" failures="0" tests="9" name="api.test.JobifyTests" time="29.502" errors="0" timestamp="2024-01-17T11:20:26 IST" skipped="0">
  <testcase classname="api.test.JobifyTests" name="testRegisterUser" time="7.318"/>
  <system-out/>
  <testcase classname="api.test.JobifyTests" name="testLoginUser" time="2.692"/>
  <system-out/>
  <testcase classname="api.test.JobifyTests" name="testCreateJob" time="1.213"/>
  <system-out/>
  <testcase classname="api.test.JobifyTests" name="testCreateJob" time="1.338"/>
  <system-out/>
  <testcase classname="api.test.JobifyTests" name="testGetSingleJob" time="1.088"/>
  <system-out/>
  <testcase classname="api.test.JobifyTests" name="testgetAllJobs" time="6.633"/>
  <system-out/>
  <testcase classname="api.test.JobifyTests" name="testUpdateJob" time="6.618"/>
  <system-out/>
  <testcase classname="api.test.JobifyTests" name="testDeleteJob" time="1.595"/>
  <system-out/>
  <testcase classname="api.test.JobifyTests" name="testDeleteUser" time="1.007"/>
  <system-out/>
</testsuite> <!-- api.test.JobifyTests -->
