<?xml version="1.0" encoding="UTF-8"?>
<!-- Generated by org.testng.reporters.JUnitReportReporter -->
<testsuite hostname="DESKTOP-FCFEV9J" failures="0" tests="1" name="api.test.JobifyTests" time="0.165" errors="0" timestamp="2024-01-29T11:54:25 IST" skipped="0">
  <testcase classname="api.test.JobifyTests" name="getReqBody" time="0.165"/>
  <system-out/>
</testsuite> <!-- api.test.JobifyTests -->
