<?xml version="1.0" encoding="UTF-8"?>
<!-- Generated by org.testng.reporters.JUnitReportReporter -->
<testsuite hostname="DESKTOP-FCFEV9J" failures="0" tests="6" name="api.test.DDTests" time="13.881" errors="0" timestamp="2024-01-03T17:00:11 IST" skipped="0">
  <testcase classname="api.test.DDTests" name="testPostuser" time="1.713"/>
  <system-out/>
  <testcase classname="api.test.DDTests" name="testPostuser" time="4.507"/>
  <system-out/>
  <testcase classname="api.test.DDTests" name="testPostuser" time="1.720"/>
  <system-out/>
  <testcase classname="api.test.DDTests" name="testGetUserByName" time="2.433"/>
  <system-out/>
  <testcase classname="api.test.DDTests" name="testGetUserByName" time="1.747"/>
  <system-out/>
  <testcase classname="api.test.DDTests" name="testGetUserByName" time="1.761"/>
  <system-out/>
</testsuite> <!-- api.test.DDTests -->
