<?xml version="1.0" encoding="UTF-8"?>
<!-- Generated by org.testng.reporters.JUnitReportReporter -->
<testsuite hostname="DESKTOP-FCFEV9J" failures="0" tests="9" name="api.test.DDTests" time="46.772" errors="0" timestamp="2023-12-29T10:58:40 IST" skipped="0">
  <testcase classname="api.test.DDTests" name="testPostuser" time="4.786"/>
  <system-out/>
  <testcase classname="api.test.DDTests" name="testPostuser" time="4.448"/>
  <system-out/>
  <testcase classname="api.test.DDTests" name="testPostuser" time="10.390"/>
  <system-out/>
  <testcase classname="api.test.DDTests" name="testGetUserByName" time="2.462"/>
  <system-out/>
  <testcase classname="api.test.DDTests" name="testGetUserByName" time="2.863"/>
  <system-out/>
  <testcase classname="api.test.DDTests" name="testGetUserByName" time="9.109"/>
  <system-out/>
  <testcase classname="api.test.DDTests" name="testDeleteUserByName" time="4.422"/>
  <system-out/>
  <testcase classname="api.test.DDTests" name="testDeleteUserByName" time="5.810"/>
  <system-out/>
  <testcase classname="api.test.DDTests" name="testDeleteUserByName" time="2.482"/>
  <system-out/>
</testsuite> <!-- api.test.DDTests -->
