<?xml version="1.0" encoding="UTF-8"?>
<!-- Generated by org.testng.reporters.JUnitReportReporter -->
<testsuite hostname="DESKTOP-FCFEV9J" failures="0" tests="9" name="api.test.DDTests" time="19.714" errors="0" timestamp="2023-12-26T15:40:07 IST" skipped="0">
  <testcase classname="api.test.DDTests" name="testPostuser" time="1.745"/>
  <system-out/>
  <testcase classname="api.test.DDTests" name="testPostuser" time="4.187"/>
  <system-out/>
  <testcase classname="api.test.DDTests" name="testPostuser" time="1.680"/>
  <system-out/>
  <testcase classname="api.test.DDTests" name="testGetUserByName" time="1.710"/>
  <system-out/>
  <testcase classname="api.test.DDTests" name="testGetUserByName" time="3.440"/>
  <system-out/>
  <testcase classname="api.test.DDTests" name="testGetUserByName" time="1.771"/>
  <system-out/>
  <testcase classname="api.test.DDTests" name="testDeleteUserByName" time="1.748"/>
  <system-out/>
  <testcase classname="api.test.DDTests" name="testDeleteUserByName" time="1.762"/>
  <system-out/>
  <testcase classname="api.test.DDTests" name="testDeleteUserByName" time="1.671"/>
  <system-out/>
</testsuite> <!-- api.test.DDTests -->
