<?xml version="1.0" encoding="UTF-8"?>
<!-- Generated by org.testng.reporters.JUnitReportReporter -->
<testsuite hostname="DESKTOP-FCFEV9J" failures="0" tests="2" name="api.test.JobifyTests" time="5.446" errors="0" timestamp="2024-02-08T17:08:07 IST" skipped="0">
  <testcase classname="api.test.JobifyTests" name="testRegisterUser" time="4.043"/>
  <system-out/>
  <testcase classname="api.test.JobifyTests" name="testRegisterUser" time="1.403"/>
  <system-out/>
</testsuite> <!-- api.test.JobifyTests -->
