<?xml version="1.0" encoding="UTF-8"?>
<!-- Generated by org.testng.reporters.JUnitReportReporter -->
<testsuite hostname="DESKTOP-FCFEV9J" failures="0" tests="9" name="api.test.JobifyTests" time="15.627" errors="0" timestamp="2024-01-11T15:03:25 IST" skipped="0">
  <testcase classname="api.test.JobifyTests" name="testRegisterUser" time="3.944"/>
  <system-out/>
  <testcase classname="api.test.JobifyTests" name="testLoginUser" time="2.239"/>
  <system-out/>
  <testcase classname="api.test.JobifyTests" name="testCreateJob" time="1.592"/>
  <system-out/>
  <testcase classname="api.test.JobifyTests" name="testCreateJob" time="1.180"/>
  <system-out/>
  <testcase classname="api.test.JobifyTests" name="testGetSingleJob" time="1.538"/>
  <system-out/>
  <testcase classname="api.test.JobifyTests" name="testgetAllJobs" time="1.274"/>
  <system-out/>
  <testcase classname="api.test.JobifyTests" name="testUpdateJob" time="1.335"/>
  <system-out/>
  <testcase classname="api.test.JobifyTests" name="testDeleteJob" time="1.110"/>
  <system-out/>
  <testcase classname="api.test.JobifyTests" name="testDeleteUser" time="1.415"/>
  <system-out/>
</testsuite> <!-- api.test.JobifyTests -->
