<?xml version="1.0" encoding="UTF-8"?>
<!-- Generated by org.testng.reporters.JUnitReportReporter -->
<testsuite hostname="DESKTOP-FCFEV9J" failures="0" tests="8" name="api.test.JobifyTests" time="12.070" errors="0" timestamp="2024-01-29T16:52:20 IST" skipped="0">
  <testcase classname="api.test.JobifyTests" name="testRegisterUser" time="4.060"/>
  <system-out/>
  <testcase classname="api.test.JobifyTests" name="testLoginUser" time="2.416"/>
  <system-out/>
  <testcase classname="api.test.JobifyTests" name="testCreateJob" time="0.560"/>
  <system-out/>
  <testcase classname="api.test.JobifyTests" name="testGetSingleJob" time="1.095"/>
  <system-out/>
  <testcase classname="api.test.JobifyTests" name="testgetAllJobs" time="1.139"/>
  <system-out/>
  <testcase classname="api.test.JobifyTests" name="testUpdateJob" time="0.490"/>
  <system-out/>
  <testcase classname="api.test.JobifyTests" name="testDeleteJob" time="1.155"/>
  <system-out/>
  <testcase classname="api.test.JobifyTests" name="testDeleteUser" time="1.155"/>
  <system-out/>
</testsuite> <!-- api.test.JobifyTests -->
