<?xml version="1.0" encoding="UTF-8"?>
<!-- Generated by org.testng.reporters.JUnitReportReporter -->
<testsuite hostname="DESKTOP-FCFEV9J" failures="0" tests="9" name="api.test.DDTests" time="19.394" errors="0" timestamp="2023-12-28T16:01:19 IST" skipped="0">
  <testcase classname="api.test.DDTests" name="testPostuser" time="1.688"/>
  <system-out/>
  <testcase classname="api.test.DDTests" name="testPostuser" time="4.279"/>
  <system-out/>
  <testcase classname="api.test.DDTests" name="testPostuser" time="1.654"/>
  <system-out/>
  <testcase classname="api.test.DDTests" name="testGetUserByName" time="2.530"/>
  <system-out/>
  <testcase classname="api.test.DDTests" name="testGetUserByName" time="1.679"/>
  <system-out/>
  <testcase classname="api.test.DDTests" name="testGetUserByName" time="2.528"/>
  <system-out/>
  <testcase classname="api.test.DDTests" name="testDeleteUserByName" time="1.689"/>
  <system-out/>
  <testcase classname="api.test.DDTests" name="testDeleteUserByName" time="1.728"/>
  <system-out/>
  <testcase classname="api.test.DDTests" name="testDeleteUserByName" time="1.619"/>
  <system-out/>
</testsuite> <!-- api.test.DDTests -->
