<?xml version="1.0" encoding="UTF-8"?>
<!-- Generated by org.testng.reporters.JUnitReportReporter -->
<testsuite hostname="DESKTOP-FCFEV9J" failures="0" tests="9" name="api.test.JobifyTests" time="11.356" errors="0" timestamp="2024-01-16T15:35:15 IST" skipped="0">
  <testcase classname="api.test.JobifyTests" name="testRegisterUser" time="3.290"/>
  <system-out/>
  <testcase classname="api.test.JobifyTests" name="testLoginUser" time="1.716"/>
  <system-out/>
  <testcase classname="api.test.JobifyTests" name="testCreateJob" time="1.074"/>
  <system-out/>
  <testcase classname="api.test.JobifyTests" name="testCreateJob" time="1.079"/>
  <system-out/>
  <testcase classname="api.test.JobifyTests" name="testGetSingleJob" time="0.627"/>
  <system-out/>
  <testcase classname="api.test.JobifyTests" name="testgetAllJobs" time="0.694"/>
  <system-out/>
  <testcase classname="api.test.JobifyTests" name="testUpdateJob" time="1.242"/>
  <system-out/>
  <testcase classname="api.test.JobifyTests" name="testDeleteJob" time="1.048"/>
  <system-out/>
  <testcase classname="api.test.JobifyTests" name="testDeleteUser" time="0.586"/>
  <system-out/>
</testsuite> <!-- api.test.JobifyTests -->
